C:\Users\amitp\Desktop\New folder\017. Platform for Suspending Equip. from Roof.dwg,Layout1,11/20/15 16:58:39, ,DWG To PDF.pc3,ANSI full bleed B (17.00 x 11.00 Inches),1:0.603495,
C:\Users\amitp\Desktop\New folder\017. Platform for Suspending Equip. from Roof.dwg,Model,11/20/15 16:58:42, ,DWG To PDF.pc3,ANSI full bleed B (17.00 x 11.00 Inches),1:0.719887,
C:\Users\amitp\Desktop\New folder\020. Brick & Block Cavity Walls 1.DWG,Layout1,11/20/15 16:58:51, ,DWG To PDF.pc3,ANSI full bleed B (17.00 x 11.00 Inches),1:0.565513,
C:\Users\amitp\Desktop\New folder\020. Brick & Block Cavity Walls 1.DWG,Model,11/20/15 16:58:54, ,DWG To PDF.pc3,ANSI full bleed B (17.00 x 11.00 Inches),1:509.608,
C:\Users\amitp\Desktop\New folder\030. Typ. Relief Vant.dwg,Layout1,11/20/15 16:59:02, ,DWG To PDF.pc3,ANSI full bleed B (17.00 x 11.00 Inches),1:0.603495,
C:\Users\amitp\Desktop\New folder\030. Typ. Relief Vant.dwg,Model,11/20/15 16:59:04, ,DWG To PDF.pc3,ANSI full bleed B (17.00 x 11.00 Inches),1:0.507192,
C:\Users\amitp\Desktop\New folder\036. Concrete Block Foundation Walls-2.DWG,Layout1,11/20/15 16:59:13, ,DWG To PDF.pc3,ANSI full bleed B (17.00 x 11.00 Inches),1:0.565513,
C:\Users\amitp\Desktop\New folder\036. Concrete Block Foundation Walls-2.DWG,Model,11/20/15 16:59:15, ,DWG To PDF.pc3,ANSI full bleed B (17.00 x 11.00 Inches),1:426.977,
C:\Users\amitp\Desktop\New folder\046. Fire Damper W-Fusible Link.dwg,Layout1,11/20/15 16:59:23, ,DWG To PDF.pc3,ANSI full bleed B (17.00 x 11.00 Inches),1:0.603495,
C:\Users\amitp\Desktop\New folder\046. Fire Damper W-Fusible Link.dwg,Model,11/20/15 16:59:26, ,DWG To PDF.pc3,ANSI full bleed B (17.00 x 11.00 Inches),1:0.652525,
C:\Users\amitp\Desktop\New folder\052. Concrete Foundation Walls.dwg,Layout1,11/20/15 16:59:35, ,DWG To PDF.pc3,ANSI full bleed B (17.00 x 11.00 Inches),1:0.565513,
C:\Users\amitp\Desktop\New folder\052. Concrete Foundation Walls.dwg,Model,11/20/15 16:59:37, ,DWG To PDF.pc3,ANSI full bleed B (17.00 x 11.00 Inches),1:1.21255,
C:\Users\amitp\Desktop\New folder\069. Flash-Flashing at Parapets.dwg,Layout1,11/20/15 16:59:46, ,DWG To PDF.pc3,ANSI full bleed B (17.00 x 11.00 Inches),1:0.565513,
C:\Users\amitp\Desktop\New folder\069. Flash-Flashing at Parapets.dwg,Model,11/20/15 16:59:48, ,DWG To PDF.pc3,ANSI full bleed B (17.00 x 11.00 Inches),1:0.291708,
C:\Users\amitp\Desktop\New folder\074. Steam Safety Relief Valve Detail.dwg,Layout1,11/20/15 16:59:56, ,DWG To PDF.pc3,ANSI full bleed B (17.00 x 11.00 Inches),1:0.603495,
C:\Users\amitp\Desktop\New folder\074. Steam Safety Relief Valve Detail.dwg,Model,11/20/15 16:59:59, ,DWG To PDF.pc3,ANSI full bleed B (17.00 x 11.00 Inches),1:0.748075,
C:\temp\Lights.dwg,Layout1,01/22/16 11:58:10, ,DWG To PDF.pc3,ANSI full bleed B (17.00 x 11.00 Inches),1:0.585205,
C:\temp\Lights.dwg,Layout2,01/22/16 11:58:13, ,DWG To PDF.pc3,ANSI full bleed B (17.00 x 11.00 Inches),1:0.585205,
C:\temp\Lights.dwg,Model,01/22/16 11:58:16, ,DWG To PDF.pc3,ANSI full bleed B (17.00 x 11.00 Inches),1:4.98778,
C:\temp\blocks_and_tables_-_imperial.dwg,D-size Plot,01/22/16 11:58:26, ,DWG To PDF.pc3,ANSI full bleed B (17.00 x 11.00 Inches),1:2.1077,
C:\temp\blocks_and_tables_-_imperial.dwg,Model,01/22/16 11:58:29, ,DWG To PDF.pc3,ANSI full bleed B (17.00 x 11.00 Inches),1:60.9371,
C:\temp\06- JIMBE.dwg,Layout1,01/22/16 11:58:39, ,DWG To PDF.pc3,ANSI full bleed B (17.00 x 11.00 Inches),1:0.585226,
C:\temp\06- JIMBE.dwg,Model,01/22/16 11:58:42, ,DWG To PDF.pc3,ANSI full bleed B (17.00 x 11.00 Inches),1:94.8749,
C:\temp\06. Steel Pole Direct Set Mast Arm Mount.dwg,Layout1,01/22/16 11:58:53, ,DWG To PDF.pc3,ANSI full bleed B (17.00 x 11.00 Inches),1:0.603495,
C:\temp\06. Steel Pole Direct Set Mast Arm Mount.dwg,Model,01/22/16 11:58:56, ,DWG To PDF.pc3,ANSI full bleed B (17.00 x 11.00 Inches),1:0.843651,
C:\temp\colorwh.dwg,AutoCAD Color Index,01/22/16 11:59:13, ,DWG To PDF.pc3,ANSI full bleed B (17.00 x 11.00 Inches),1:0.719915,
C:\temp\colorwh.dwg,Model,01/22/16 11:59:17, ,DWG To PDF.pc3,ANSI full bleed B (17.00 x 11.00 Inches),1:62.0294,
C:\temp\colorwh.dwg,True Color,01/22/16 11:59:23, ,DWG To PDF.pc3,ANSI full bleed B (17.00 x 11.00 Inches),1:0.62914,
C:\temp\visualization_-_conference_room.dwg,Layout1,01/22/16 11:59:46, ,DWG To PDF.pc3,ANSI full bleed B (17.00 x 11.00 Inches),1:0.585205,
C:\temp\visualization_-_conference_room.dwg,Layout2,01/22/16 11:59:52, ,DWG To PDF.pc3,ANSI full bleed B (17.00 x 11.00 Inches),1:0.585205,
C:\temp\visualization_-_conference_room.dwg,Model,01/22/16 11:59:57, ,DWG To PDF.pc3,ANSI full bleed B (17.00 x 11.00 Inches),1:62.5644,
C:\temp\DYN-TAG.dwg,Layout1,01/22/16 12:00:04, ,DWG To PDF.pc3,ANSI full bleed B (17.00 x 11.00 Inches),1:0.585226,
C:\temp\DYN-TAG.dwg,Model,01/22/16 12:00:06, ,DWG To PDF.pc3,ANSI full bleed B (17.00 x 11.00 Inches),1:0.0800021,
